<?xml version="1.0" encoding="UTF-8"?>
<!-- Generated by org.testng.reporters.JUnitReportReporter -->
<testsuite hostname="user-PC" name="pageObjects.ChromeHeadless" tests="1" failures="0" timestamp="28 Nov 2022 07:32:26 GMT" time="5.793" errors="0">
  <testcase name="verifyTitle" time="5.793" classname="pageObjects.ChromeHeadless"/>
</testsuite> <!-- pageObjects.ChromeHeadless -->
