<?xml version="1.0" encoding="UTF-8"?>
<!-- Generated by org.testng.reporters.JUnitReportReporter -->
<testsuite hostname="LAPTOP-N6849G24" failures="0" tests="1" name="Runner.TestRunner" time="0.448" errors="0" timestamp="20 Jan 2024 10:52:51 GMT">
  <testcase classname="Runner.TestRunner" name="feature" time="0.448"/>
</testsuite> <!-- Runner.TestRunner -->
